{"C:\\Users\\Alx\\Documents\\learn-node-js\\src\\application\\database.js": {"path":"C:\\Users\\Alx\\Documents\\learn-node-js\\src\\application\\database.js","statementMap":{"0":{"start":{"line":4,"column":28},"end":{"line":22,"column":2}},"1":{"start":{"line":24,"column":0},"end":{"line":26,"column":3}},"2":{"start":{"line":25,"column":4},"end":{"line":25,"column":20}},"3":{"start":{"line":27,"column":0},"end":{"line":29,"column":3}},"4":{"start":{"line":28,"column":4},"end":{"line":28,"column":19}},"5":{"start":{"line":30,"column":0},"end":{"line":32,"column":3}},"6":{"start":{"line":31,"column":4},"end":{"line":31,"column":19}},"7":{"start":{"line":33,"column":0},"end":{"line":35,"column":3}},"8":{"start":{"line":34,"column":4},"end":{"line":34,"column":19}}},"fnMap":{"0":{"name":"(anonymous_0)","decl":{"start":{"line":24,"column":26},"end":{"line":24,"column":27}},"loc":{"start":{"line":24,"column":33},"end":{"line":26,"column":1}},"line":24},"1":{"name":"(anonymous_1)","decl":{"start":{"line":27,"column":25},"end":{"line":27,"column":26}},"loc":{"start":{"line":27,"column":32},"end":{"line":29,"column":1}},"line":27},"2":{"name":"(anonymous_2)","decl":{"start":{"line":30,"column":25},"end":{"line":30,"column":26}},"loc":{"start":{"line":30,"column":32},"end":{"line":32,"column":1}},"line":30},"3":{"name":"(anonymous_3)","decl":{"start":{"line":33,"column":26},"end":{"line":33,"column":27}},"loc":{"start":{"line":33,"column":33},"end":{"line":35,"column":1}},"line":33}},"branchMap":{},"s":{"0":2,"1":2,"2":0,"3":2,"4":0,"5":2,"6":2,"7":2,"8":93},"f":{"0":0,"1":0,"2":2,"3":93},"b":{},"_coverageSchema":"1a1c01bbd47fc00a2c39e90264f33305004495a9","hash":"dc79ad343413f000f7d9ba732105336dbc0f330d"}
,"C:\\Users\\Alx\\Documents\\learn-node-js\\src\\application\\logging.js": {"path":"C:\\Users\\Alx\\Documents\\learn-node-js\\src\\application\\logging.js","statementMap":{"0":{"start":{"line":3,"column":22},"end":{"line":9,"column":2}}},"fnMap":{},"branchMap":{},"s":{"0":2},"f":{},"b":{},"_coverageSchema":"1a1c01bbd47fc00a2c39e90264f33305004495a9","hash":"231f3c604241c7bec682c9b412492b9e063434c5"}
,"C:\\Users\\Alx\\Documents\\learn-node-js\\src\\application\\web.js": {"path":"C:\\Users\\Alx\\Documents\\learn-node-js\\src\\application\\web.js","statementMap":{"0":{"start":{"line":13,"column":19},"end":{"line":13,"column":28}},"1":{"start":{"line":14,"column":0},"end":{"line":14,"column":23}},"2":{"start":{"line":15,"column":0},"end":{"line":15,"column":22}},"3":{"start":{"line":16,"column":0},"end":{"line":16,"column":20}},"4":{"start":{"line":17,"column":0},"end":{"line":17,"column":25}}},"fnMap":{},"branchMap":{},"s":{"0":2,"1":2,"2":2,"3":2,"4":2},"f":{},"b":{},"_coverageSchema":"1a1c01bbd47fc00a2c39e90264f33305004495a9","hash":"29e71433e75c811eb913d9c69a0de8047653274a"}
,"C:\\Users\\Alx\\Documents\\learn-node-js\\src\\controller\\contact-controller.js": {"path":"C:\\Users\\Alx\\Documents\\learn-node-js\\src\\controller\\contact-controller.js","statementMap":{"0":{"start":{"line":3,"column":15},"end":{"line":14,"column":1}},"1":{"start":{"line":4,"column":4},"end":{"line":13,"column":5}},"2":{"start":{"line":5,"column":21},"end":{"line":5,"column":33}},"3":{"start":{"line":6,"column":20},"end":{"line":6,"column":32}},"4":{"start":{"line":7,"column":23},"end":{"line":7,"column":61}},"5":{"start":{"line":8,"column":8},"end":{"line":10,"column":11}},"6":{"start":{"line":12,"column":8},"end":{"line":12,"column":16}}},"fnMap":{"0":{"name":"(anonymous_0)","decl":{"start":{"line":3,"column":15},"end":{"line":3,"column":16}},"loc":{"start":{"line":3,"column":50},"end":{"line":14,"column":1}},"line":3}},"branchMap":{},"s":{"0":2,"1":2,"2":2,"3":2,"4":2,"5":1,"6":1},"f":{"0":2},"b":{},"_coverageSchema":"1a1c01bbd47fc00a2c39e90264f33305004495a9","hash":"2c31de2908ab89b63a8d89dceff015b399d481a6"}
,"C:\\Users\\Alx\\Documents\\learn-node-js\\src\\controller\\user-controller.js": {"path":"C:\\Users\\Alx\\Documents\\learn-node-js\\src\\controller\\user-controller.js","statementMap":{"0":{"start":{"line":7,"column":17},"end":{"line":16,"column":1}},"1":{"start":{"line":8,"column":4},"end":{"line":15,"column":5}},"2":{"start":{"line":9,"column":23},"end":{"line":9,"column":63}},"3":{"start":{"line":10,"column":8},"end":{"line":12,"column":11}},"4":{"start":{"line":14,"column":8},"end":{"line":14,"column":16}},"5":{"start":{"line":18,"column":14},"end":{"line":27,"column":1}},"6":{"start":{"line":19,"column":4},"end":{"line":26,"column":5}},"7":{"start":{"line":20,"column":23},"end":{"line":20,"column":60}},"8":{"start":{"line":21,"column":8},"end":{"line":23,"column":11}},"9":{"start":{"line":25,"column":8},"end":{"line":25,"column":16}},"10":{"start":{"line":29,"column":12},"end":{"line":39,"column":1}},"11":{"start":{"line":30,"column":4},"end":{"line":38,"column":5}},"12":{"start":{"line":31,"column":25},"end":{"line":31,"column":46}},"13":{"start":{"line":32,"column":23},"end":{"line":32,"column":54}},"14":{"start":{"line":33,"column":8},"end":{"line":35,"column":11}},"15":{"start":{"line":37,"column":8},"end":{"line":37,"column":16}},"16":{"start":{"line":41,"column":15},"end":{"line":55,"column":1}},"17":{"start":{"line":42,"column":4},"end":{"line":54,"column":5}},"18":{"start":{"line":43,"column":25},"end":{"line":43,"column":46}},"19":{"start":{"line":44,"column":20},"end":{"line":44,"column":32}},"20":{"start":{"line":46,"column":8},"end":{"line":46,"column":31}},"21":{"start":{"line":47,"column":23},"end":{"line":47,"column":52}},"22":{"start":{"line":49,"column":8},"end":{"line":51,"column":10}},"23":{"start":{"line":53,"column":8},"end":{"line":53,"column":15}},"24":{"start":{"line":57,"column":15},"end":{"line":66,"column":1}},"25":{"start":{"line":58,"column":4},"end":{"line":65,"column":5}},"26":{"start":{"line":59,"column":8},"end":{"line":59,"column":55}},"27":{"start":{"line":60,"column":8},"end":{"line":62,"column":10}},"28":{"start":{"line":64,"column":8},"end":{"line":64,"column":15}}},"fnMap":{"0":{"name":"(anonymous_0)","decl":{"start":{"line":7,"column":17},"end":{"line":7,"column":18}},"loc":{"start":{"line":7,"column":52},"end":{"line":16,"column":1}},"line":7},"1":{"name":"(anonymous_1)","decl":{"start":{"line":18,"column":14},"end":{"line":18,"column":15}},"loc":{"start":{"line":18,"column":49},"end":{"line":27,"column":1}},"line":18},"2":{"name":"(anonymous_2)","decl":{"start":{"line":29,"column":12},"end":{"line":29,"column":13}},"loc":{"start":{"line":29,"column":47},"end":{"line":39,"column":1}},"line":29},"3":{"name":"(anonymous_3)","decl":{"start":{"line":41,"column":15},"end":{"line":41,"column":16}},"loc":{"start":{"line":41,"column":50},"end":{"line":55,"column":1}},"line":41},"4":{"name":"(anonymous_4)","decl":{"start":{"line":57,"column":15},"end":{"line":57,"column":16}},"loc":{"start":{"line":57,"column":50},"end":{"line":66,"column":1}},"line":57}},"branchMap":{},"s":{"0":2,"1":3,"2":3,"3":1,"4":2,"5":2,"6":4,"7":4,"8":1,"9":3,"10":2,"11":1,"12":1,"13":1,"14":1,"15":0,"16":2,"17":1,"18":1,"19":1,"20":1,"21":1,"22":1,"23":0,"24":2,"25":1,"26":1,"27":1,"28":0},"f":{"0":3,"1":4,"2":1,"3":1,"4":1},"b":{},"_coverageSchema":"1a1c01bbd47fc00a2c39e90264f33305004495a9","hash":"1e4257dd336004a4665a19336aad4427c9e1becb"}
,"C:\\Users\\Alx\\Documents\\learn-node-js\\src\\error\\response-error.js": {"path":"C:\\Users\\Alx\\Documents\\learn-node-js\\src\\error\\response-error.js","statementMap":{"0":{"start":{"line":3,"column":8},"end":{"line":3,"column":23}},"1":{"start":{"line":4,"column":8},"end":{"line":4,"column":29}}},"fnMap":{"0":{"name":"(anonymous_0)","decl":{"start":{"line":2,"column":4},"end":{"line":2,"column":5}},"loc":{"start":{"line":2,"column":32},"end":{"line":5,"column":5}},"line":2}},"branchMap":{},"s":{"0":6,"1":6},"f":{"0":6},"b":{},"_coverageSchema":"1a1c01bbd47fc00a2c39e90264f33305004495a9","hash":"19226dd66ce50375af42f23ee8beac135dd0f94a"}
,"C:\\Users\\Alx\\Documents\\learn-node-js\\src\\middleware\\auth-middleware.js": {"path":"C:\\Users\\Alx\\Documents\\learn-node-js\\src\\middleware\\auth-middleware.js","statementMap":{"0":{"start":{"line":5,"column":23},"end":{"line":27,"column":1}},"1":{"start":{"line":6,"column":18},"end":{"line":6,"column":46}},"2":{"start":{"line":8,"column":4},"end":{"line":26,"column":5}},"3":{"start":{"line":9,"column":8},"end":{"line":11,"column":17}},"4":{"start":{"line":13,"column":21},"end":{"line":17,"column":10}},"5":{"start":{"line":18,"column":8},"end":{"line":25,"column":9}},"6":{"start":{"line":19,"column":12},"end":{"line":21,"column":21}},"7":{"start":{"line":23,"column":12},"end":{"line":23,"column":32}},"8":{"start":{"line":24,"column":12},"end":{"line":24,"column":19}}},"fnMap":{"0":{"name":"(anonymous_0)","decl":{"start":{"line":5,"column":23},"end":{"line":5,"column":24}},"loc":{"start":{"line":5,"column":58},"end":{"line":27,"column":1}},"line":5}},"branchMap":{"0":{"loc":{"start":{"line":8,"column":4},"end":{"line":26,"column":5}},"type":"if","locations":[{"start":{"line":8,"column":4},"end":{"line":26,"column":5}},{"start":{"line":12,"column":11},"end":{"line":26,"column":5}}],"line":8},"1":{"loc":{"start":{"line":18,"column":8},"end":{"line":25,"column":9}},"type":"if","locations":[{"start":{"line":18,"column":8},"end":{"line":25,"column":9}},{"start":{"line":22,"column":15},"end":{"line":25,"column":9}}],"line":18}},"s":{"0":2,"1":6,"2":6,"3":0,"4":6,"5":6,"6":1,"7":5,"8":5},"f":{"0":6},"b":{"0":[0,6],"1":[1,5]},"_coverageSchema":"1a1c01bbd47fc00a2c39e90264f33305004495a9","hash":"721e1bc4c8bf59305540f2f522782f5a0e6e2bc4"}
,"C:\\Users\\Alx\\Documents\\learn-node-js\\src\\middleware\\error-middleware.js": {"path":"C:\\Users\\Alx\\Documents\\learn-node-js\\src\\middleware\\error-middleware.js","statementMap":{"0":{"start":{"line":3,"column":24},"end":{"line":20,"column":1}},"1":{"start":{"line":5,"column":4},"end":{"line":8,"column":5}},"2":{"start":{"line":6,"column":8},"end":{"line":6,"column":15}},"3":{"start":{"line":7,"column":8},"end":{"line":7,"column":15}},"4":{"start":{"line":10,"column":4},"end":{"line":19,"column":5}},"5":{"start":{"line":11,"column":8},"end":{"line":13,"column":17}},"6":{"start":{"line":16,"column":8},"end":{"line":18,"column":11}}},"fnMap":{"0":{"name":"(anonymous_0)","decl":{"start":{"line":3,"column":24},"end":{"line":3,"column":25}},"loc":{"start":{"line":3,"column":66},"end":{"line":20,"column":1}},"line":3}},"branchMap":{"0":{"loc":{"start":{"line":5,"column":4},"end":{"line":8,"column":5}},"type":"if","locations":[{"start":{"line":5,"column":4},"end":{"line":8,"column":5}},{"start":{},"end":{}}],"line":5},"1":{"loc":{"start":{"line":10,"column":4},"end":{"line":19,"column":5}},"type":"if","locations":[{"start":{"line":10,"column":4},"end":{"line":19,"column":5}},{"start":{"line":15,"column":8},"end":{"line":19,"column":5}}],"line":10}},"s":{"0":2,"1":6,"2":0,"3":0,"4":6,"5":6,"6":0},"f":{"0":6},"b":{"0":[0,6],"1":[6,0]},"_coverageSchema":"1a1c01bbd47fc00a2c39e90264f33305004495a9","hash":"260005e21ebc7bf64a08da5810668dd4b05fc8d6"}
,"C:\\Users\\Alx\\Documents\\learn-node-js\\src\\route\\api.js": {"path":"C:\\Users\\Alx\\Documents\\learn-node-js\\src\\route\\api.js","statementMap":{"0":{"start":{"line":8,"column":19},"end":{"line":8,"column":39}},"1":{"start":{"line":9,"column":0},"end":{"line":9,"column":31}},"2":{"start":{"line":10,"column":0},"end":{"line":10,"column":57}},"3":{"start":{"line":11,"column":0},"end":{"line":11,"column":62}},"4":{"start":{"line":12,"column":0},"end":{"line":12,"column":62}},"5":{"start":{"line":14,"column":0},"end":{"line":14,"column":59}}},"fnMap":{},"branchMap":{},"s":{"0":2,"1":2,"2":2,"3":2,"4":2,"5":2},"f":{},"b":{},"_coverageSchema":"1a1c01bbd47fc00a2c39e90264f33305004495a9","hash":"732a982301efe132abc06ad525a401c2cc3e4849"}
,"C:\\Users\\Alx\\Documents\\learn-node-js\\src\\route\\public-api.js": {"path":"C:\\Users\\Alx\\Documents\\learn-node-js\\src\\route\\public-api.js","statementMap":{"0":{"start":{"line":4,"column":21},"end":{"line":4,"column":41}},"1":{"start":{"line":5,"column":0},"end":{"line":5,"column":57}},"2":{"start":{"line":6,"column":0},"end":{"line":8,"column":3}},"3":{"start":{"line":7,"column":4},"end":{"line":7,"column":23}},"4":{"start":{"line":9,"column":0},"end":{"line":9,"column":60}}},"fnMap":{"0":{"name":"(anonymous_0)","decl":{"start":{"line":6,"column":37},"end":{"line":6,"column":38}},"loc":{"start":{"line":6,"column":51},"end":{"line":8,"column":1}},"line":6}},"branchMap":{},"s":{"0":2,"1":2,"2":2,"3":0,"4":2},"f":{"0":0},"b":{},"_coverageSchema":"1a1c01bbd47fc00a2c39e90264f33305004495a9","hash":"d8d8a6b058cf5fe92adbb9f2c87b9d7b7941b025"}
,"C:\\Users\\Alx\\Documents\\learn-node-js\\src\\service\\contact-service.js": {"path":"C:\\Users\\Alx\\Documents\\learn-node-js\\src\\service\\contact-service.js","statementMap":{"0":{"start":{"line":11,"column":15},"end":{"line":27,"column":1}},"1":{"start":{"line":12,"column":20},"end":{"line":12,"column":62}},"2":{"start":{"line":13,"column":4},"end":{"line":13,"column":37}},"3":{"start":{"line":16,"column":4},"end":{"line":26,"column":7}}},"fnMap":{"0":{"name":"(anonymous_0)","decl":{"start":{"line":11,"column":15},"end":{"line":11,"column":16}},"loc":{"start":{"line":11,"column":40},"end":{"line":27,"column":1}},"line":11}},"branchMap":{},"s":{"0":2,"1":2,"2":1,"3":1},"f":{"0":2},"b":{},"_coverageSchema":"1a1c01bbd47fc00a2c39e90264f33305004495a9","hash":"e7dcc044af858d33796748899c7ca8825b3d0411"}
,"C:\\Users\\Alx\\Documents\\learn-node-js\\src\\service\\user-service.js": {"path":"C:\\Users\\Alx\\Documents\\learn-node-js\\src\\service\\user-service.js","statementMap":{"0":{"start":{"line":23,"column":17},"end":{"line":42,"column":1}},"1":{"start":{"line":24,"column":17},"end":{"line":24,"column":58}},"2":{"start":{"line":25,"column":22},"end":{"line":29,"column":6}},"3":{"start":{"line":30,"column":4},"end":{"line":32,"column":5}},"4":{"start":{"line":31,"column":8},"end":{"line":31,"column":63}},"5":{"start":{"line":33,"column":4},"end":{"line":33,"column":57}},"6":{"start":{"line":34,"column":19},"end":{"line":40,"column":6}},"7":{"start":{"line":41,"column":4},"end":{"line":41,"column":18}},"8":{"start":{"line":44,"column":14},"end":{"line":74,"column":1}},"9":{"start":{"line":45,"column":25},"end":{"line":45,"column":63}},"10":{"start":{"line":46,"column":17},"end":{"line":54,"column":6}},"11":{"start":{"line":55,"column":4},"end":{"line":57,"column":5}},"12":{"start":{"line":56,"column":8},"end":{"line":56,"column":67}},"13":{"start":{"line":58,"column":28},"end":{"line":58,"column":86}},"14":{"start":{"line":59,"column":4},"end":{"line":61,"column":5}},"15":{"start":{"line":60,"column":8},"end":{"line":60,"column":67}},"16":{"start":{"line":62,"column":18},"end":{"line":62,"column":35}},"17":{"start":{"line":63,"column":4},"end":{"line":73,"column":7}},"18":{"start":{"line":76,"column":12},"end":{"line":92,"column":1}},"19":{"start":{"line":77,"column":4},"end":{"line":77,"column":53}},"20":{"start":{"line":78,"column":17},"end":{"line":86,"column":6}},"21":{"start":{"line":87,"column":4},"end":{"line":89,"column":5}},"22":{"start":{"line":88,"column":8},"end":{"line":88,"column":58}},"23":{"start":{"line":91,"column":4},"end":{"line":91,"column":16}},"24":{"start":{"line":94,"column":15},"end":{"line":124,"column":1}},"25":{"start":{"line":96,"column":17},"end":{"line":96,"column":56}},"26":{"start":{"line":97,"column":32},"end":{"line":101,"column":6}},"27":{"start":{"line":103,"column":4},"end":{"line":105,"column":5}},"28":{"start":{"line":104,"column":8},"end":{"line":104,"column":58}},"29":{"start":{"line":106,"column":18},"end":{"line":106,"column":20}},"30":{"start":{"line":107,"column":4},"end":{"line":109,"column":5}},"31":{"start":{"line":108,"column":8},"end":{"line":108,"column":29}},"32":{"start":{"line":110,"column":4},"end":{"line":112,"column":5}},"33":{"start":{"line":111,"column":8},"end":{"line":111,"column":60}},"34":{"start":{"line":114,"column":4},"end":{"line":123,"column":6}},"35":{"start":{"line":126,"column":15},"end":{"line":147,"column":1}},"36":{"start":{"line":127,"column":4},"end":{"line":127,"column":52}},"37":{"start":{"line":128,"column":17},"end":{"line":132,"column":6}},"38":{"start":{"line":133,"column":4},"end":{"line":135,"column":5}},"39":{"start":{"line":134,"column":8},"end":{"line":134,"column":58}},"40":{"start":{"line":136,"column":4},"end":{"line":146,"column":6}}},"fnMap":{"0":{"name":"(anonymous_0)","decl":{"start":{"line":23,"column":17},"end":{"line":23,"column":18}},"loc":{"start":{"line":23,"column":36},"end":{"line":42,"column":1}},"line":23},"1":{"name":"(anonymous_1)","decl":{"start":{"line":44,"column":14},"end":{"line":44,"column":15}},"loc":{"start":{"line":44,"column":33},"end":{"line":74,"column":1}},"line":44},"2":{"name":"(anonymous_2)","decl":{"start":{"line":76,"column":12},"end":{"line":76,"column":13}},"loc":{"start":{"line":76,"column":32},"end":{"line":92,"column":1}},"line":76},"3":{"name":"(anonymous_3)","decl":{"start":{"line":94,"column":15},"end":{"line":94,"column":16}},"loc":{"start":{"line":94,"column":34},"end":{"line":124,"column":1}},"line":94},"4":{"name":"(anonymous_4)","decl":{"start":{"line":126,"column":15},"end":{"line":126,"column":16}},"loc":{"start":{"line":126,"column":35},"end":{"line":147,"column":1}},"line":126}},"branchMap":{"0":{"loc":{"start":{"line":30,"column":4},"end":{"line":32,"column":5}},"type":"if","locations":[{"start":{"line":30,"column":4},"end":{"line":32,"column":5}},{"start":{},"end":{}}],"line":30},"1":{"loc":{"start":{"line":55,"column":4},"end":{"line":57,"column":5}},"type":"if","locations":[{"start":{"line":55,"column":4},"end":{"line":57,"column":5}},{"start":{},"end":{}}],"line":55},"2":{"loc":{"start":{"line":59,"column":4},"end":{"line":61,"column":5}},"type":"if","locations":[{"start":{"line":59,"column":4},"end":{"line":61,"column":5}},{"start":{},"end":{}}],"line":59},"3":{"loc":{"start":{"line":87,"column":4},"end":{"line":89,"column":5}},"type":"if","locations":[{"start":{"line":87,"column":4},"end":{"line":89,"column":5}},{"start":{},"end":{}}],"line":87},"4":{"loc":{"start":{"line":103,"column":4},"end":{"line":105,"column":5}},"type":"if","locations":[{"start":{"line":103,"column":4},"end":{"line":105,"column":5}},{"start":{},"end":{}}],"line":103},"5":{"loc":{"start":{"line":107,"column":4},"end":{"line":109,"column":5}},"type":"if","locations":[{"start":{"line":107,"column":4},"end":{"line":109,"column":5}},{"start":{},"end":{}}],"line":107},"6":{"loc":{"start":{"line":110,"column":4},"end":{"line":112,"column":5}},"type":"if","locations":[{"start":{"line":110,"column":4},"end":{"line":112,"column":5}},{"start":{},"end":{}}],"line":110},"7":{"loc":{"start":{"line":133,"column":4},"end":{"line":135,"column":5}},"type":"if","locations":[{"start":{"line":133,"column":4},"end":{"line":135,"column":5}},{"start":{},"end":{}}],"line":133}},"s":{"0":2,"1":3,"2":2,"3":2,"4":1,"5":1,"6":1,"7":1,"8":2,"9":4,"10":3,"11":3,"12":1,"13":2,"14":2,"15":1,"16":1,"17":1,"18":2,"19":1,"20":1,"21":1,"22":0,"23":1,"24":2,"25":1,"26":1,"27":1,"28":0,"29":1,"30":1,"31":1,"32":1,"33":1,"34":1,"35":2,"36":1,"37":1,"38":1,"39":0,"40":1},"f":{"0":3,"1":4,"2":1,"3":1,"4":1},"b":{"0":[1,1],"1":[1,2],"2":[1,1],"3":[0,1],"4":[0,1],"5":[1,0],"6":[1,0],"7":[0,1]},"_coverageSchema":"1a1c01bbd47fc00a2c39e90264f33305004495a9","hash":"daa14fa96a77ef42a7fc875dce19cda5cd11473b"}
,"C:\\Users\\Alx\\Documents\\learn-node-js\\src\\validation\\contact-validation.js": {"path":"C:\\Users\\Alx\\Documents\\learn-node-js\\src\\validation\\contact-validation.js","statementMap":{"0":{"start":{"line":3,"column":32},"end":{"line":8,"column":2}}},"fnMap":{},"branchMap":{},"s":{"0":2},"f":{},"b":{},"_coverageSchema":"1a1c01bbd47fc00a2c39e90264f33305004495a9","hash":"e2b5007c695fbacba0d4b4d5be0733eca6a9634f"}
,"C:\\Users\\Alx\\Documents\\learn-node-js\\src\\validation\\user-validation.js": {"path":"C:\\Users\\Alx\\Documents\\learn-node-js\\src\\validation\\user-validation.js","statementMap":{"0":{"start":{"line":3,"column":31},"end":{"line":7,"column":2}},"1":{"start":{"line":9,"column":28},"end":{"line":12,"column":2}},"2":{"start":{"line":14,"column":26},"end":{"line":14,"column":58}},"3":{"start":{"line":16,"column":29},"end":{"line":20,"column":2}}},"fnMap":{},"branchMap":{},"s":{"0":2,"1":2,"2":2,"3":2},"f":{},"b":{},"_coverageSchema":"1a1c01bbd47fc00a2c39e90264f33305004495a9","hash":"45bc123a2ddddb31681cfaa06e82039b5508d4a8"}
,"C:\\Users\\Alx\\Documents\\learn-node-js\\src\\validation\\validation.js": {"path":"C:\\Users\\Alx\\Documents\\learn-node-js\\src\\validation\\validation.js","statementMap":{"0":{"start":{"line":3,"column":17},"end":{"line":14,"column":1}},"1":{"start":{"line":5,"column":19},"end":{"line":8,"column":6}},"2":{"start":{"line":9,"column":4},"end":{"line":13,"column":5}},"3":{"start":{"line":10,"column":8},"end":{"line":10,"column":59}},"4":{"start":{"line":12,"column":8},"end":{"line":12,"column":28}}},"fnMap":{"0":{"name":"(anonymous_0)","decl":{"start":{"line":3,"column":17},"end":{"line":3,"column":18}},"loc":{"start":{"line":3,"column":38},"end":{"line":14,"column":1}},"line":3}},"branchMap":{"0":{"loc":{"start":{"line":9,"column":4},"end":{"line":13,"column":5}},"type":"if","locations":[{"start":{"line":9,"column":4},"end":{"line":13,"column":5}},{"start":{"line":11,"column":11},"end":{"line":13,"column":5}}],"line":9}},"s":{"0":2,"1":12,"2":12,"3":3,"4":9},"f":{"0":12},"b":{"0":[3,9]},"_coverageSchema":"1a1c01bbd47fc00a2c39e90264f33305004495a9","hash":"5d05df0ebc00e43d25d2a2a10f841cb485f25dbc"}
,"C:\\Users\\Alx\\Documents\\learn-node-js\\test\\test-util.js": {"path":"C:\\Users\\Alx\\Documents\\learn-node-js\\test\\test-util.js","statementMap":{"0":{"start":{"line":6,"column":23},"end":{"line":12,"column":1}},"1":{"start":{"line":7,"column":4},"end":{"line":11,"column":7}},"2":{"start":{"line":14,"column":23},"end":{"line":23,"column":1}},"3":{"start":{"line":15,"column":4},"end":{"line":22,"column":7}},"4":{"start":{"line":25,"column":20},"end":{"line":31,"column":1}},"5":{"start":{"line":26,"column":4},"end":{"line":30,"column":6}},"6":{"start":{"line":33,"column":29},"end":{"line":39,"column":1}},"7":{"start":{"line":34,"column":4},"end":{"line":38,"column":6}}},"fnMap":{"0":{"name":"(anonymous_0)","decl":{"start":{"line":6,"column":23},"end":{"line":6,"column":24}},"loc":{"start":{"line":6,"column":35},"end":{"line":12,"column":1}},"line":6},"1":{"name":"(anonymous_1)","decl":{"start":{"line":14,"column":23},"end":{"line":14,"column":24}},"loc":{"start":{"line":14,"column":35},"end":{"line":23,"column":1}},"line":14},"2":{"name":"(anonymous_2)","decl":{"start":{"line":25,"column":20},"end":{"line":25,"column":21}},"loc":{"start":{"line":25,"column":32},"end":{"line":31,"column":1}},"line":25},"3":{"name":"(anonymous_3)","decl":{"start":{"line":33,"column":29},"end":{"line":33,"column":30}},"loc":{"start":{"line":33,"column":41},"end":{"line":39,"column":1}},"line":33}},"branchMap":{},"s":{"0":2,"1":12,"2":2,"3":10,"4":2,"5":2,"6":2,"7":2},"f":{"0":12,"1":10,"2":2,"3":2},"b":{},"_coverageSchema":"1a1c01bbd47fc00a2c39e90264f33305004495a9","hash":"6560d35f0c68e4fc6ef84d42550f98bed0cb908d"}
}
