TN:
SF:src\application\database.js
FN:24,(anonymous_0)
FN:27,(anonymous_1)
FN:30,(anonymous_2)
FN:33,(anonymous_3)
FNF:4
FNH:2
FNDA:0,(anonymous_0)
FNDA:0,(anonymous_1)
FNDA:2,(anonymous_2)
FNDA:93,(anonymous_3)
DA:4,2
DA:24,2
DA:25,0
DA:27,2
DA:28,0
DA:30,2
DA:31,2
DA:33,2
DA:34,93
LF:9
LH:7
BRF:0
BRH:0
end_of_record
TN:
SF:src\application\logging.js
FNF:0
FNH:0
DA:3,2
LF:1
LH:1
BRF:0
BRH:0
end_of_record
TN:
SF:src\application\web.js
FNF:0
FNH:0
DA:13,2
DA:14,2
DA:15,2
DA:16,2
DA:17,2
LF:5
LH:5
BRF:0
BRH:0
end_of_record
TN:
SF:src\controller\contact-controller.js
FN:3,(anonymous_0)
FNF:1
FNH:1
FNDA:2,(anonymous_0)
DA:3,2
DA:4,2
DA:5,2
DA:6,2
DA:7,2
DA:8,1
DA:12,1
LF:7
LH:7
BRF:0
BRH:0
end_of_record
TN:
SF:src\controller\user-controller.js
FN:7,(anonymous_0)
FN:18,(anonymous_1)
FN:29,(anonymous_2)
FN:41,(anonymous_3)
FN:57,(anonymous_4)
FNF:5
FNH:5
FNDA:3,(anonymous_0)
FNDA:4,(anonymous_1)
FNDA:1,(anonymous_2)
FNDA:1,(anonymous_3)
FNDA:1,(anonymous_4)
DA:7,2
DA:8,3
DA:9,3
DA:10,1
DA:14,2
DA:18,2
DA:19,4
DA:20,4
DA:21,1
DA:25,3
DA:29,2
DA:30,1
DA:31,1
DA:32,1
DA:33,1
DA:37,0
DA:41,2
DA:42,1
DA:43,1
DA:44,1
DA:46,1
DA:47,1
DA:49,1
DA:53,0
DA:57,2
DA:58,1
DA:59,1
DA:60,1
DA:64,0
LF:29
LH:26
BRF:0
BRH:0
end_of_record
TN:
SF:src\error\response-error.js
FN:2,(anonymous_0)
FNF:1
FNH:1
FNDA:6,(anonymous_0)
DA:3,6
DA:4,6
LF:2
LH:2
BRF:0
BRH:0
end_of_record
TN:
SF:src\middleware\auth-middleware.js
FN:5,(anonymous_0)
FNF:1
FNH:1
FNDA:6,(anonymous_0)
DA:5,2
DA:6,6
DA:8,6
DA:9,0
DA:13,6
DA:18,6
DA:19,1
DA:23,5
DA:24,5
LF:9
LH:8
BRDA:8,0,0,0
BRDA:8,0,1,6
BRDA:18,1,0,1
BRDA:18,1,1,5
BRF:4
BRH:3
end_of_record
TN:
SF:src\middleware\error-middleware.js
FN:3,(anonymous_0)
FNF:1
FNH:1
FNDA:6,(anonymous_0)
DA:3,2
DA:5,6
DA:6,0
DA:7,0
DA:10,6
DA:11,6
DA:16,0
LF:7
LH:4
BRDA:5,0,0,0
BRDA:5,0,1,6
BRDA:10,1,0,6
BRDA:10,1,1,0
BRF:4
BRH:2
end_of_record
TN:
SF:src\route\api.js
FNF:0
FNH:0
DA:8,2
DA:9,2
DA:10,2
DA:11,2
DA:12,2
DA:14,2
LF:6
LH:6
BRF:0
BRH:0
end_of_record
TN:
SF:src\route\public-api.js
FN:6,(anonymous_0)
FNF:1
FNH:0
FNDA:0,(anonymous_0)
DA:4,2
DA:5,2
DA:6,2
DA:7,0
DA:9,2
LF:5
LH:4
BRF:0
BRH:0
end_of_record
TN:
SF:src\service\contact-service.js
FN:11,(anonymous_0)
FNF:1
FNH:1
FNDA:2,(anonymous_0)
DA:11,2
DA:12,2
DA:13,1
DA:16,1
LF:4
LH:4
BRF:0
BRH:0
end_of_record
TN:
SF:src\service\user-service.js
FN:23,(anonymous_0)
FN:44,(anonymous_1)
FN:76,(anonymous_2)
FN:94,(anonymous_3)
FN:126,(anonymous_4)
FNF:5
FNH:5
FNDA:3,(anonymous_0)
FNDA:4,(anonymous_1)
FNDA:1,(anonymous_2)
FNDA:1,(anonymous_3)
FNDA:1,(anonymous_4)
DA:23,2
DA:24,3
DA:25,2
DA:30,2
DA:31,1
DA:33,1
DA:34,1
DA:41,1
DA:44,2
DA:45,4
DA:46,3
DA:55,3
DA:56,1
DA:58,2
DA:59,2
DA:60,1
DA:62,1
DA:63,1
DA:76,2
DA:77,1
DA:78,1
DA:87,1
DA:88,0
DA:91,1
DA:94,2
DA:96,1
DA:97,1
DA:103,1
DA:104,0
DA:106,1
DA:107,1
DA:108,1
DA:110,1
DA:111,1
DA:114,1
DA:126,2
DA:127,1
DA:128,1
DA:133,1
DA:134,0
DA:136,1
LF:41
LH:38
BRDA:30,0,0,1
BRDA:30,0,1,1
BRDA:55,1,0,1
BRDA:55,1,1,2
BRDA:59,2,0,1
BRDA:59,2,1,1
BRDA:87,3,0,0
BRDA:87,3,1,1
BRDA:103,4,0,0
BRDA:103,4,1,1
BRDA:107,5,0,1
BRDA:107,5,1,0
BRDA:110,6,0,1
BRDA:110,6,1,0
BRDA:133,7,0,0
BRDA:133,7,1,1
BRF:16
BRH:11
end_of_record
TN:
SF:src\validation\contact-validation.js
FNF:0
FNH:0
DA:3,2
LF:1
LH:1
BRF:0
BRH:0
end_of_record
TN:
SF:src\validation\user-validation.js
FNF:0
FNH:0
DA:3,2
DA:9,2
DA:14,2
DA:16,2
LF:4
LH:4
BRF:0
BRH:0
end_of_record
TN:
SF:src\validation\validation.js
FN:3,(anonymous_0)
FNF:1
FNH:1
FNDA:12,(anonymous_0)
DA:3,2
DA:5,12
DA:9,12
DA:10,3
DA:12,9
LF:5
LH:5
BRDA:9,0,0,3
BRDA:9,0,1,9
BRF:2
BRH:2
end_of_record
TN:
SF:test\test-util.js
FN:6,(anonymous_0)
FN:14,(anonymous_1)
FN:25,(anonymous_2)
FN:33,(anonymous_3)
FNF:4
FNH:4
FNDA:12,(anonymous_0)
FNDA:10,(anonymous_1)
FNDA:2,(anonymous_2)
FNDA:2,(anonymous_3)
DA:6,2
DA:7,12
DA:14,2
DA:15,10
DA:25,2
DA:26,2
DA:33,2
DA:34,2
LF:8
LH:8
BRF:0
BRH:0
end_of_record
